<?xml version="1.0" encoding="UTF-8"?>
<coverage generated="1661377201346" clover="3.2.0">
  <project timestamp="1661377201346" name="All files">
    <metrics statements="53" coveredstatements="53" conditionals="26" coveredconditionals="26" methods="8" coveredmethods="8" elements="87" coveredelements="87" complexity="0" loc="53" ncloc="53" packages="1" files="6" classes="6"/>
    <file name="encodeAndDecode.js" path="/home/eduardo/trybe-exercicios/fundamentos/bloco-7-introducao-a-javascript-es6-e-testes-unitarios/dia-3-primeiros-passos-em-jest/encodeAndDecode.js">
      <metrics statements="16" coveredstatements="16" conditionals="4" coveredconditionals="4" methods="2" coveredmethods="2"/>
      <line num="3" count="4" type="stmt"/>
      <line num="5" count="4" type="stmt"/>
      <line num="12" count="4" type="stmt"/>
      <line num="13" count="42" type="cond" truecount="2" falsecount="0"/>
      <line num="14" count="31" type="stmt"/>
      <line num="16" count="11" type="stmt"/>
      <line num="19" count="4" type="stmt"/>
      <line num="24" count="3" type="stmt"/>
      <line num="26" count="3" type="stmt"/>
      <line num="33" count="3" type="stmt"/>
      <line num="34" count="18" type="cond" truecount="2" falsecount="0"/>
      <line num="35" count="13" type="stmt"/>
      <line num="37" count="5" type="stmt"/>
      <line num="40" count="3" type="stmt"/>
      <line num="43" count="1" type="stmt"/>
      <line num="45" count="1" type="stmt"/>
    </file>
    <file name="hydrate.js" path="/home/eduardo/trybe-exercicios/fundamentos/bloco-7-introducao-a-javascript-es6-e-testes-unitarios/dia-3-primeiros-passos-em-jest/hydrate.js">
      <metrics statements="8" coveredstatements="8" conditionals="2" coveredconditionals="2" methods="1" coveredmethods="1"/>
      <line num="1" count="1" type="stmt"/>
      <line num="2" count="5" type="stmt"/>
      <line num="3" count="5" type="stmt"/>
      <line num="4" count="5" type="stmt"/>
      <line num="5" count="5" type="stmt"/>
      <line num="6" count="12" type="stmt"/>
      <line num="9" count="5" type="cond" truecount="2" falsecount="0"/>
      <line num="12" count="1" type="stmt"/>
    </file>
    <file name="myFizzBuzz.js" path="/home/eduardo/trybe-exercicios/fundamentos/bloco-7-introducao-a-javascript-es6-e-testes-unitarios/dia-3-primeiros-passos-em-jest/myFizzBuzz.js">
      <metrics statements="6" coveredstatements="6" conditionals="10" coveredconditionals="10" methods="1" coveredmethods="1"/>
      <line num="2" count="5" type="cond" truecount="2" falsecount="0"/>
      <line num="3" count="4" type="cond" truecount="4" falsecount="0"/>
      <line num="4" count="3" type="cond" truecount="2" falsecount="0"/>
      <line num="5" count="2" type="cond" truecount="2" falsecount="0"/>
      <line num="6" count="1" type="stmt"/>
      <line num="10" count="1" type="stmt"/>
    </file>
    <file name="myRemove.js" path="/home/eduardo/trybe-exercicios/fundamentos/bloco-7-introducao-a-javascript-es6-e-testes-unitarios/dia-3-primeiros-passos-em-jest/myRemove.js">
      <metrics statements="6" coveredstatements="6" conditionals="2" coveredconditionals="2" methods="1" coveredmethods="1"/>
      <line num="2" count="3" type="stmt"/>
      <line num="3" count="3" type="stmt"/>
      <line num="4" count="12" type="cond" truecount="2" falsecount="0"/>
      <line num="5" count="10" type="stmt"/>
      <line num="8" count="3" type="stmt"/>
      <line num="13" count="1" type="stmt"/>
    </file>
    <file name="sum.js" path="/home/eduardo/trybe-exercicios/fundamentos/bloco-7-introducao-a-javascript-es6-e-testes-unitarios/dia-3-primeiros-passos-em-jest/sum.js">
      <metrics statements="5" coveredstatements="5" conditionals="4" coveredconditionals="4" methods="1" coveredmethods="1"/>
      <line num="2" count="5" type="cond" truecount="4" falsecount="0"/>
      <line num="3" count="2" type="stmt"/>
      <line num="6" count="3" type="stmt"/>
      <line num="9" count="1" type="stmt"/>
      <line num="11" count="1" type="stmt"/>
    </file>
    <file name="techList.js" path="/home/eduardo/trybe-exercicios/fundamentos/bloco-7-introducao-a-javascript-es6-e-testes-unitarios/dia-3-primeiros-passos-em-jest/techList.js">
      <metrics statements="12" coveredstatements="12" conditionals="4" coveredconditionals="4" methods="2" coveredmethods="2"/>
      <line num="1" count="1" type="stmt"/>
      <line num="3" count="3" type="cond" truecount="2" falsecount="0"/>
      <line num="4" count="1" type="stmt"/>
      <line num="7" count="12" type="cond" truecount="2" falsecount="0"/>
      <line num="8" count="2" type="stmt"/>
      <line num="9" count="2" type="stmt"/>
      <line num="10" count="10" type="stmt"/>
      <line num="16" count="2" type="stmt"/>
      <line num="19" count="1" type="stmt"/>
      <line num="20" count="1" type="stmt"/>
      <line num="22" count="1" type="stmt"/>
      <line num="24" count="1" type="stmt"/>
    </file>
  </project>
</coverage>
