{"/home/eduardo/trybe-exercicios/fundamentos/bloco-7-introducao-a-javascript-es6-e-testes-unitarios/dia-3-primeiros-passos-em-jest/encodeAndDecode.js": {"path":"/home/eduardo/trybe-exercicios/fundamentos/bloco-7-introducao-a-javascript-es6-e-testes-unitarios/dia-3-primeiros-passos-em-jest/encodeAndDecode.js","statementMap":{"0":{"start":{"line":3,"column":22},"end":{"line":3,"column":24}},"1":{"start":{"line":5,"column":14},"end":{"line":11,"column":3}},"2":{"start":{"line":12,"column":2},"end":{"line":18,"column":3}},"3":{"start":{"line":13,"column":4},"end":{"line":17,"column":5}},"4":{"start":{"line":14,"column":6},"end":{"line":14,"column":36}},"5":{"start":{"line":16,"column":6},"end":{"line":16,"column":43}},"6":{"start":{"line":19,"column":2},"end":{"line":19,"column":23}},"7":{"start":{"line":24,"column":22},"end":{"line":24,"column":24}},"8":{"start":{"line":26,"column":14},"end":{"line":32,"column":3}},"9":{"start":{"line":33,"column":2},"end":{"line":39,"column":3}},"10":{"start":{"line":34,"column":4},"end":{"line":38,"column":5}},"11":{"start":{"line":35,"column":6},"end":{"line":35,"column":36}},"12":{"start":{"line":37,"column":6},"end":{"line":37,"column":43}},"13":{"start":{"line":40,"column":2},"end":{"line":40,"column":23}},"14":{"start":{"line":43,"column":0},"end":{"line":43,"column":32}},"15":{"start":{"line":45,"column":0},"end":{"line":45,"column":33}}},"fnMap":{"0":{"name":"encode","decl":{"start":{"line":1,"column":9},"end":{"line":1,"column":15}},"loc":{"start":{"line":1,"column":24},"end":{"line":20,"column":1}},"line":1},"1":{"name":"decode","decl":{"start":{"line":21,"column":9},"end":{"line":21,"column":15}},"loc":{"start":{"line":21,"column":24},"end":{"line":41,"column":1}},"line":21}},"branchMap":{"0":{"loc":{"start":{"line":13,"column":4},"end":{"line":17,"column":5}},"type":"if","locations":[{"start":{"line":13,"column":4},"end":{"line":17,"column":5}},{"start":{"line":15,"column":9},"end":{"line":17,"column":5}}],"line":13},"1":{"loc":{"start":{"line":34,"column":4},"end":{"line":38,"column":5}},"type":"if","locations":[{"start":{"line":34,"column":4},"end":{"line":38,"column":5}},{"start":{"line":36,"column":9},"end":{"line":38,"column":5}}],"line":34}},"s":{"0":4,"1":4,"2":4,"3":42,"4":31,"5":11,"6":4,"7":3,"8":3,"9":3,"10":18,"11":13,"12":5,"13":3,"14":1,"15":1},"f":{"0":4,"1":3},"b":{"0":[31,11],"1":[13,5]},"_coverageSchema":"1a1c01bbd47fc00a2c39e90264f33305004495a9","hash":"8624a56321efec0dd7c17260e7e2375420fb0f8a"}
,"/home/eduardo/trybe-exercicios/fundamentos/bloco-7-introducao-a-javascript-es6-e-testes-unitarios/dia-3-primeiros-passos-em-jest/hydrate.js": {"path":"/home/eduardo/trybe-exercicios/fundamentos/bloco-7-introducao-a-javascript-es6-e-testes-unitarios/dia-3-primeiros-passos-em-jest/hydrate.js","statementMap":{"0":{"start":{"line":1,"column":16},"end":{"line":10,"column":1}},"1":{"start":{"line":2,"column":12},"end":{"line":2,"column":17}},"2":{"start":{"line":3,"column":14},"end":{"line":3,"column":31}},"3":{"start":{"line":4,"column":14},"end":{"line":4,"column":15}},"4":{"start":{"line":5,"column":2},"end":{"line":7,"column":3}},"5":{"start":{"line":6,"column":4},"end":{"line":6,"column":27}},"6":{"start":{"line":9,"column":2},"end":{"line":9,"column":72}},"7":{"start":{"line":12,"column":0},"end":{"line":12,"column":25}}},"fnMap":{"0":{"name":"(anonymous_0)","decl":{"start":{"line":1,"column":16},"end":{"line":1,"column":17}},"loc":{"start":{"line":1,"column":26},"end":{"line":10,"column":1}},"line":1}},"branchMap":{"0":{"loc":{"start":{"line":9,"column":9},"end":{"line":9,"column":71}},"type":"cond-expr","locations":[{"start":{"line":9,"column":21},"end":{"line":9,"column":45}},{"start":{"line":9,"column":48},"end":{"line":9,"column":71}}],"line":9}},"s":{"0":1,"1":5,"2":5,"3":5,"4":5,"5":12,"6":5,"7":1},"f":{"0":5},"b":{"0":[4,1]},"_coverageSchema":"1a1c01bbd47fc00a2c39e90264f33305004495a9","hash":"9d38687db07ed9a0a6cc260dc22458dc053d407e"}
,"/home/eduardo/trybe-exercicios/fundamentos/bloco-7-introducao-a-javascript-es6-e-testes-unitarios/dia-3-primeiros-passos-em-jest/myFizzBuzz.js": {"path":"/home/eduardo/trybe-exercicios/fundamentos/bloco-7-introducao-a-javascript-es6-e-testes-unitarios/dia-3-primeiros-passos-em-jest/myFizzBuzz.js","statementMap":{"0":{"start":{"line":2,"column":2},"end":{"line":2,"column":44}},"1":{"start":{"line":2,"column":31},"end":{"line":2,"column":44}},"2":{"start":{"line":3,"column":2},"end":{"line":3,"column":56}},"3":{"start":{"line":3,"column":38},"end":{"line":3,"column":56}},"4":{"start":{"line":4,"column":2},"end":{"line":4,"column":35}},"5":{"start":{"line":4,"column":21},"end":{"line":4,"column":35}},"6":{"start":{"line":5,"column":2},"end":{"line":5,"column":35}},"7":{"start":{"line":5,"column":21},"end":{"line":5,"column":35}},"8":{"start":{"line":6,"column":2},"end":{"line":6,"column":13}},"9":{"start":{"line":10,"column":0},"end":{"line":10,"column":28}}},"fnMap":{"0":{"name":"myFizzBuzz","decl":{"start":{"line":1,"column":9},"end":{"line":1,"column":19}},"loc":{"start":{"line":1,"column":25},"end":{"line":7,"column":1}},"line":1}},"branchMap":{"0":{"loc":{"start":{"line":2,"column":2},"end":{"line":2,"column":44}},"type":"if","locations":[{"start":{"line":2,"column":2},"end":{"line":2,"column":44}},{"start":{},"end":{}}],"line":2},"1":{"loc":{"start":{"line":3,"column":2},"end":{"line":3,"column":56}},"type":"if","locations":[{"start":{"line":3,"column":2},"end":{"line":3,"column":56}},{"start":{},"end":{}}],"line":3},"2":{"loc":{"start":{"line":3,"column":6},"end":{"line":3,"column":36}},"type":"binary-expr","locations":[{"start":{"line":3,"column":6},"end":{"line":3,"column":19}},{"start":{"line":3,"column":23},"end":{"line":3,"column":36}}],"line":3},"3":{"loc":{"start":{"line":4,"column":2},"end":{"line":4,"column":35}},"type":"if","locations":[{"start":{"line":4,"column":2},"end":{"line":4,"column":35}},{"start":{},"end":{}}],"line":4},"4":{"loc":{"start":{"line":5,"column":2},"end":{"line":5,"column":35}},"type":"if","locations":[{"start":{"line":5,"column":2},"end":{"line":5,"column":35}},{"start":{},"end":{}}],"line":5}},"s":{"0":5,"1":1,"2":4,"3":1,"4":3,"5":1,"6":2,"7":1,"8":1,"9":1},"f":{"0":5},"b":{"0":[1,4],"1":[1,3],"2":[4,2],"3":[1,2],"4":[1,1]},"_coverageSchema":"1a1c01bbd47fc00a2c39e90264f33305004495a9","hash":"e81be17eb8dd3d5a0682e674adf222f22be8b82f"}
,"/home/eduardo/trybe-exercicios/fundamentos/bloco-7-introducao-a-javascript-es6-e-testes-unitarios/dia-3-primeiros-passos-em-jest/myRemove.js": {"path":"/home/eduardo/trybe-exercicios/fundamentos/bloco-7-introducao-a-javascript-es6-e-testes-unitarios/dia-3-primeiros-passos-em-jest/myRemove.js","statementMap":{"0":{"start":{"line":2,"column":15},"end":{"line":2,"column":17}},"1":{"start":{"line":3,"column":2},"end":{"line":7,"column":3}},"2":{"start":{"line":3,"column":19},"end":{"line":3,"column":20}},"3":{"start":{"line":4,"column":4},"end":{"line":6,"column":5}},"4":{"start":{"line":5,"column":6},"end":{"line":5,"column":30}},"5":{"start":{"line":8,"column":2},"end":{"line":8,"column":16}},"6":{"start":{"line":13,"column":0},"end":{"line":13,"column":26}}},"fnMap":{"0":{"name":"myRemove","decl":{"start":{"line":1,"column":9},"end":{"line":1,"column":17}},"loc":{"start":{"line":1,"column":29},"end":{"line":9,"column":1}},"line":1}},"branchMap":{"0":{"loc":{"start":{"line":4,"column":4},"end":{"line":6,"column":5}},"type":"if","locations":[{"start":{"line":4,"column":4},"end":{"line":6,"column":5}},{"start":{},"end":{}}],"line":4}},"s":{"0":3,"1":3,"2":3,"3":12,"4":10,"5":3,"6":1},"f":{"0":3},"b":{"0":[10,2]},"_coverageSchema":"1a1c01bbd47fc00a2c39e90264f33305004495a9","hash":"312c411e63ab4c684ed3deebc5043b0f24cc7cb3"}
,"/home/eduardo/trybe-exercicios/fundamentos/bloco-7-introducao-a-javascript-es6-e-testes-unitarios/dia-3-primeiros-passos-em-jest/sum.js": {"path":"/home/eduardo/trybe-exercicios/fundamentos/bloco-7-introducao-a-javascript-es6-e-testes-unitarios/dia-3-primeiros-passos-em-jest/sum.js","statementMap":{"0":{"start":{"line":2,"column":2},"end":{"line":4,"column":3}},"1":{"start":{"line":3,"column":4},"end":{"line":3,"column":50}},"2":{"start":{"line":6,"column":2},"end":{"line":6,"column":15}},"3":{"start":{"line":9,"column":0},"end":{"line":9,"column":22}},"4":{"start":{"line":11,"column":0},"end":{"line":11,"column":21}}},"fnMap":{"0":{"name":"sum","decl":{"start":{"line":1,"column":9},"end":{"line":1,"column":12}},"loc":{"start":{"line":1,"column":19},"end":{"line":7,"column":1}},"line":1}},"branchMap":{"0":{"loc":{"start":{"line":2,"column":2},"end":{"line":4,"column":3}},"type":"if","locations":[{"start":{"line":2,"column":2},"end":{"line":4,"column":3}},{"start":{},"end":{}}],"line":2},"1":{"loc":{"start":{"line":2,"column":6},"end":{"line":2,"column":52}},"type":"binary-expr","locations":[{"start":{"line":2,"column":6},"end":{"line":2,"column":27}},{"start":{"line":2,"column":31},"end":{"line":2,"column":52}}],"line":2}},"s":{"0":5,"1":2,"2":3,"3":1,"4":1},"f":{"0":5},"b":{"0":[2,3],"1":[5,5]},"_coverageSchema":"1a1c01bbd47fc00a2c39e90264f33305004495a9","hash":"5a92db87b71aa58c8907445ac920c97c47e06443"}
,"/home/eduardo/trybe-exercicios/fundamentos/bloco-7-introducao-a-javascript-es6-e-testes-unitarios/dia-3-primeiros-passos-em-jest/techList.js": {"path":"/home/eduardo/trybe-exercicios/fundamentos/bloco-7-introducao-a-javascript-es6-e-testes-unitarios/dia-3-primeiros-passos-em-jest/techList.js","statementMap":{"0":{"start":{"line":1,"column":17},"end":{"line":17,"column":1}},"1":{"start":{"line":3,"column":2},"end":{"line":5,"column":3}},"2":{"start":{"line":4,"column":4},"end":{"line":4,"column":20}},"3":{"start":{"line":7,"column":2},"end":{"line":7,"column":74}},"4":{"start":{"line":7,"column":29},"end":{"line":7,"column":71}},"5":{"start":{"line":8,"column":17},"end":{"line":8,"column":19}},"6":{"start":{"line":9,"column":2},"end":{"line":14,"column":3}},"7":{"start":{"line":10,"column":4},"end":{"line":13,"column":5}},"8":{"start":{"line":16,"column":2},"end":{"line":16,"column":18}},"9":{"start":{"line":19,"column":18},"end":{"line":19,"column":78}},"10":{"start":{"line":20,"column":11},"end":{"line":20,"column":20}},"11":{"start":{"line":22,"column":0},"end":{"line":22,"column":79}},"12":{"start":{"line":24,"column":0},"end":{"line":24,"column":26}}},"fnMap":{"0":{"name":"(anonymous_0)","decl":{"start":{"line":1,"column":17},"end":{"line":1,"column":18}},"loc":{"start":{"line":1,"column":40},"end":{"line":17,"column":1}},"line":1},"1":{"name":"(anonymous_1)","decl":{"start":{"line":7,"column":20},"end":{"line":7,"column":21}},"loc":{"start":{"line":7,"column":29},"end":{"line":7,"column":71}},"line":7}},"branchMap":{"0":{"loc":{"start":{"line":3,"column":2},"end":{"line":5,"column":3}},"type":"if","locations":[{"start":{"line":3,"column":2},"end":{"line":5,"column":3}},{"start":{},"end":{}}],"line":3},"1":{"loc":{"start":{"line":7,"column":29},"end":{"line":7,"column":71}},"type":"cond-expr","locations":[{"start":{"line":7,"column":65},"end":{"line":7,"column":66}},{"start":{"line":7,"column":69},"end":{"line":7,"column":71}}],"line":7}},"s":{"0":1,"1":3,"2":1,"3":2,"4":12,"5":2,"6":2,"7":10,"8":2,"9":1,"10":1,"11":1,"12":1},"f":{"0":3,"1":12},"b":{"0":[1,2],"1":[4,8]},"_coverageSchema":"1a1c01bbd47fc00a2c39e90264f33305004495a9","hash":"bedc2210ee6650bac1d0d779e1507d8f86265115"}
}
