TN:
SF:encodeAndDecode.js
FN:1,encode
FN:21,decode
FNF:2
FNH:2
FNDA:4,encode
FNDA:3,decode
DA:3,4
DA:5,4
DA:12,4
DA:13,42
DA:14,31
DA:16,11
DA:19,4
DA:24,3
DA:26,3
DA:33,3
DA:34,18
DA:35,13
DA:37,5
DA:40,3
DA:43,1
DA:45,1
LF:16
LH:16
BRDA:13,0,0,31
BRDA:13,0,1,11
BRDA:34,1,0,13
BRDA:34,1,1,5
BRF:4
BRH:4
end_of_record
TN:
SF:hydrate.js
FN:1,(anonymous_0)
FNF:1
FNH:1
FNDA:5,(anonymous_0)
DA:1,1
DA:2,5
DA:3,5
DA:4,5
DA:5,5
DA:6,12
DA:9,5
DA:12,1
LF:8
LH:8
BRDA:9,0,0,4
BRDA:9,0,1,1
BRF:2
BRH:2
end_of_record
TN:
SF:myFizzBuzz.js
FN:1,myFizzBuzz
FNF:1
FNH:1
FNDA:5,myFizzBuzz
DA:2,5
DA:3,4
DA:4,3
DA:5,2
DA:6,1
DA:10,1
LF:6
LH:6
BRDA:2,0,0,1
BRDA:2,0,1,4
BRDA:3,1,0,1
BRDA:3,1,1,3
BRDA:3,2,0,4
BRDA:3,2,1,2
BRDA:4,3,0,1
BRDA:4,3,1,2
BRDA:5,4,0,1
BRDA:5,4,1,1
BRF:10
BRH:10
end_of_record
TN:
SF:myRemove.js
FN:1,myRemove
FNF:1
FNH:1
FNDA:3,myRemove
DA:2,3
DA:3,3
DA:4,12
DA:5,10
DA:8,3
DA:13,1
LF:6
LH:6
BRDA:4,0,0,10
BRDA:4,0,1,2
BRF:2
BRH:2
end_of_record
TN:
SF:sum.js
FN:1,sum
FNF:1
FNH:1
FNDA:5,sum
DA:2,5
DA:3,2
DA:6,3
DA:9,1
DA:11,1
LF:5
LH:5
BRDA:2,0,0,2
BRDA:2,0,1,3
BRDA:2,1,0,5
BRDA:2,1,1,5
BRF:4
BRH:4
end_of_record
TN:
SF:techList.js
FN:1,(anonymous_0)
FN:7,(anonymous_1)
FNF:2
FNH:2
FNDA:3,(anonymous_0)
FNDA:12,(anonymous_1)
DA:1,1
DA:3,3
DA:4,1
DA:7,12
DA:8,2
DA:9,2
DA:10,10
DA:16,2
DA:19,1
DA:20,1
DA:22,1
DA:24,1
LF:12
LH:12
BRDA:3,0,0,1
BRDA:3,0,1,2
BRDA:7,1,0,4
BRDA:7,1,1,8
BRF:4
BRH:4
end_of_record
